-- Install configuration: ""
-- Execute custom install script
-- Up-to-date symlink: /home/urtech/robot_lab/src/robot_lab/install/robot_lab/share/robot_lab/config/empty.yaml
-- Up-to-date symlink: /home/urtech/robot_lab/src/robot_lab/install/robot_lab/share/robot_lab/config/view_bot.rviz
-- Up-to-date symlink: /home/urtech/robot_lab/src/robot_lab/install/robot_lab/share/robot_lab/description/inertial_macros.xacro
-- Up-to-date symlink: /home/urtech/robot_lab/src/robot_lab/install/robot_lab/share/robot_lab/description/robot.urdf.xacro
-- Up-to-date symlink: /home/urtech/robot_lab/src/robot_lab/install/robot_lab/share/robot_lab/description/robot_core.xacro
-- Up-to-date symlink: /home/urtech/robot_lab/src/robot_lab/install/robot_lab/share/robot_lab/launch/launch_sim.launch.py
-- Up-to-date symlink: /home/urtech/robot_lab/src/robot_lab/install/robot_lab/share/robot_lab/launch/rsp.launch.py
-- Up-to-date symlink: /home/urtech/robot_lab/src/robot_lab/install/robot_lab/share/robot_lab/worlds/empty.world
-- Up-to-date symlink: /home/urtech/robot_lab/src/robot_lab/install/robot_lab/share/ament_index/resource_index/package_run_dependencies/robot_lab
-- Up-to-date symlink: /home/urtech/robot_lab/src/robot_lab/install/robot_lab/share/ament_index/resource_index/parent_prefix_path/robot_lab
-- Up-to-date symlink: /home/urtech/robot_lab/src/robot_lab/install/robot_lab/share/robot_lab/environment/ament_prefix_path.sh
-- Up-to-date symlink: /home/urtech/robot_lab/src/robot_lab/install/robot_lab/share/robot_lab/environment/ament_prefix_path.dsv
-- Up-to-date symlink: /home/urtech/robot_lab/src/robot_lab/install/robot_lab/share/robot_lab/environment/path.sh
-- Up-to-date symlink: /home/urtech/robot_lab/src/robot_lab/install/robot_lab/share/robot_lab/environment/path.dsv
-- Up-to-date symlink: /home/urtech/robot_lab/src/robot_lab/install/robot_lab/share/robot_lab/local_setup.bash
-- Up-to-date symlink: /home/urtech/robot_lab/src/robot_lab/install/robot_lab/share/robot_lab/local_setup.sh
-- Up-to-date symlink: /home/urtech/robot_lab/src/robot_lab/install/robot_lab/share/robot_lab/local_setup.zsh
-- Up-to-date symlink: /home/urtech/robot_lab/src/robot_lab/install/robot_lab/share/robot_lab/local_setup.dsv
-- Symlinking: /home/urtech/robot_lab/src/robot_lab/install/robot_lab/share/robot_lab/package.dsv
-- Up-to-date symlink: /home/urtech/robot_lab/src/robot_lab/install/robot_lab/share/ament_index/resource_index/packages/robot_lab
-- Up-to-date symlink: /home/urtech/robot_lab/src/robot_lab/install/robot_lab/share/robot_lab/cmake/robot_labConfig.cmake
-- Up-to-date symlink: /home/urtech/robot_lab/src/robot_lab/install/robot_lab/share/robot_lab/cmake/robot_labConfig-version.cmake
-- Up-to-date symlink: /home/urtech/robot_lab/src/robot_lab/install/robot_lab/share/robot_lab/package.xml
