[0.127s] DEBUG:colcon:Command line arguments: ['/usr/bin/colcon', 'build', '--symlink-install', '--event-handlers', 'console_cohesion+']
[0.127s] DEBUG:colcon:Parsed command line arguments: Namespace(log_base=None, log_level=None, verb_name='build', build_base='build', install_base='install', merge_install=False, symlink_install=True, test_result_base=None, continue_on_error=False, executor='parallel', parallel_workers=3, event_handlers=['console_cohesion+'], ignore_user_meta=False, metas=['./colcon.meta'], base_paths=['.'], packages_ignore=None, packages_ignore_regex=None, paths=None, packages_up_to=None, packages_up_to_regex=None, packages_above=None, packages_above_and_dependencies=None, packages_above_depth=None, packages_select_by_dep=None, packages_skip_by_dep=None, packages_skip_up_to=None, packages_select_build_failed=False, packages_skip_build_finished=False, packages_select_test_failures=False, packages_skip_test_passed=False, packages_select=None, packages_skip=None, packages_select_regex=None, packages_skip_regex=None, packages_start=None, packages_end=None, allow_overriding=[], cmake_args=None, cmake_target=None, cmake_target_skip_unavailable=False, cmake_clean_cache=False, cmake_clean_first=False, cmake_force_configure=False, ament_cmake_args=None, catkin_cmake_args=None, catkin_skip_building_tests=False, verb_parser=<colcon_defaults.argument_parser.defaults.DefaultArgumentsDecorator object at 0x7ad26f244e50>, verb_extension=<colcon_core.verb.build.BuildVerb object at 0x7ad26f349a80>, main=<bound method BuildVerb.main of <colcon_core.verb.build.BuildVerb object at 0x7ad26f349a80>>)
[0.395s] Level 1:colcon.colcon_core.package_discovery:discover_packages(colcon_meta) check parameters
[0.395s] Level 1:colcon.colcon_core.package_discovery:discover_packages(recursive) check parameters
[0.395s] Level 1:colcon.colcon_core.package_discovery:discover_packages(ignore) check parameters
[0.395s] Level 1:colcon.colcon_core.package_discovery:discover_packages(path) check parameters
[0.395s] Level 1:colcon.colcon_core.package_discovery:discover_packages(colcon_meta) discover
[0.395s] Level 1:colcon.colcon_core.package_discovery:discover_packages(recursive) discover
[0.395s] INFO:colcon.colcon_core.package_discovery:Crawling recursively for packages in '/home/urtech/robot_lab/src/robot_lab'
[0.395s] Level 1:colcon.colcon_core.package_identification:_identify(.) by extensions ['ignore', 'ignore_ament_install']
[0.395s] Level 1:colcon.colcon_core.package_identification:_identify(.) by extension 'ignore'
[0.396s] Level 1:colcon.colcon_core.package_identification:_identify(.) by extension 'ignore_ament_install'
[0.396s] Level 1:colcon.colcon_core.package_identification:_identify(.) by extensions ['colcon_pkg']
[0.396s] Level 1:colcon.colcon_core.package_identification:_identify(.) by extension 'colcon_pkg'
[0.396s] Level 1:colcon.colcon_core.package_identification:_identify(.) by extensions ['colcon_meta']
[0.396s] Level 1:colcon.colcon_core.package_identification:_identify(.) by extension 'colcon_meta'
[0.396s] Level 1:colcon.colcon_core.package_identification:_identify(.) by extensions ['ros']
[0.396s] Level 1:colcon.colcon_core.package_identification:_identify(.) by extension 'ros'
[0.494s] DEBUG:colcon.colcon_core.package_identification:Package '.' with type 'ros.ament_cmake' and name 'robot_lab'
[0.495s] Level 1:colcon.colcon_core.package_discovery:discover_packages(recursive) using defaults
[0.495s] Level 1:colcon.colcon_core.package_discovery:discover_packages(ignore) discover
[0.495s] Level 1:colcon.colcon_core.package_discovery:discover_packages(ignore) using defaults
[0.495s] Level 1:colcon.colcon_core.package_discovery:discover_packages(path) discover
[0.495s] Level 1:colcon.colcon_core.package_discovery:discover_packages(path) using defaults
[0.571s] Level 1:colcon.colcon_core.package_discovery:discover_packages(prefix_path) check parameters
[0.571s] Level 1:colcon.colcon_core.package_discovery:discover_packages(prefix_path) discover
[0.574s] DEBUG:colcon.colcon_installed_package_information.package_discovery:Found 1 installed packages in /home/urtech/robot_lab/install
[0.576s] DEBUG:colcon.colcon_installed_package_information.package_discovery:Found 280 installed packages in /opt/ros/humble
[0.577s] Level 1:colcon.colcon_core.package_discovery:discover_packages(prefix_path) using defaults
[0.656s] Level 5:colcon.colcon_core.verb:set package 'robot_lab' build argument 'cmake_args' from command line to 'None'
[0.656s] Level 5:colcon.colcon_core.verb:set package 'robot_lab' build argument 'cmake_target' from command line to 'None'
[0.656s] Level 5:colcon.colcon_core.verb:set package 'robot_lab' build argument 'cmake_target_skip_unavailable' from command line to 'False'
[0.656s] Level 5:colcon.colcon_core.verb:set package 'robot_lab' build argument 'cmake_clean_cache' from command line to 'False'
[0.656s] Level 5:colcon.colcon_core.verb:set package 'robot_lab' build argument 'cmake_clean_first' from command line to 'False'
[0.656s] Level 5:colcon.colcon_core.verb:set package 'robot_lab' build argument 'cmake_force_configure' from command line to 'False'
[0.656s] Level 5:colcon.colcon_core.verb:set package 'robot_lab' build argument 'ament_cmake_args' from command line to 'None'
[0.656s] Level 5:colcon.colcon_core.verb:set package 'robot_lab' build argument 'catkin_cmake_args' from command line to 'None'
[0.656s] Level 5:colcon.colcon_core.verb:set package 'robot_lab' build argument 'catkin_skip_building_tests' from command line to 'False'
[0.656s] DEBUG:colcon.colcon_core.verb:Building package 'robot_lab' with the following arguments: {'ament_cmake_args': None, 'build_base': '/home/urtech/robot_lab/src/robot_lab/build/robot_lab', 'catkin_cmake_args': None, 'catkin_skip_building_tests': False, 'cmake_args': None, 'cmake_clean_cache': False, 'cmake_clean_first': False, 'cmake_force_configure': False, 'cmake_target': None, 'cmake_target_skip_unavailable': False, 'install_base': '/home/urtech/robot_lab/src/robot_lab/install/robot_lab', 'merge_install': False, 'path': '/home/urtech/robot_lab/src/robot_lab', 'symlink_install': True, 'test_result_base': None}
[0.656s] INFO:colcon.colcon_core.executor:Executing jobs using 'parallel' executor
[0.658s] DEBUG:colcon.colcon_parallel_executor.executor.parallel:run_until_complete
[0.658s] INFO:colcon.colcon_ros.task.ament_cmake.build:Building ROS package in '/home/urtech/robot_lab/src/robot_lab' with build type 'ament_cmake'
[0.658s] INFO:colcon.colcon_cmake.task.cmake.build:Building CMake package in '/home/urtech/robot_lab/src/robot_lab'
[0.662s] INFO:colcon.colcon_core.plugin_system:Skipping extension 'colcon_core.shell.bat': Not used on non-Windows systems
[0.662s] INFO:colcon.colcon_core.shell:Skip shell extension 'powershell' for command environment: Not usable outside of PowerShell
[0.662s] DEBUG:colcon.colcon_core.shell:Skip shell extension 'dsv' for command environment
[0.684s] DEBUG:colcon.colcon_core.event_handler.log_command:Invoking command in '/home/urtech/robot_lab/src/robot_lab/build/robot_lab': CMAKE_PREFIX_PATH=${CMAKE_PREFIX_PATH}:/opt/ros/humble /usr/bin/cmake --build /home/urtech/robot_lab/src/robot_lab/build/robot_lab -- -j3 -l3
[0.779s] DEBUG:colcon.colcon_core.event_handler.log_command:Invoked command in '/home/urtech/robot_lab/src/robot_lab/build/robot_lab' returned '0': CMAKE_PREFIX_PATH=${CMAKE_PREFIX_PATH}:/opt/ros/humble /usr/bin/cmake --build /home/urtech/robot_lab/src/robot_lab/build/robot_lab -- -j3 -l3
[0.847s] DEBUG:colcon.colcon_core.event_handler.log_command:Invoking command in '/home/urtech/robot_lab/src/robot_lab/build/robot_lab': CMAKE_PREFIX_PATH=${CMAKE_PREFIX_PATH}:/opt/ros/humble /usr/bin/cmake --install /home/urtech/robot_lab/src/robot_lab/build/robot_lab
[0.886s] Level 1:colcon.colcon_core.environment:create_environment_scripts_only(robot_lab)
[0.887s] DEBUG:colcon.colcon_core.event_handler.log_command:Invoked command in '/home/urtech/robot_lab/src/robot_lab/build/robot_lab' returned '0': CMAKE_PREFIX_PATH=${CMAKE_PREFIX_PATH}:/opt/ros/humble /usr/bin/cmake --install /home/urtech/robot_lab/src/robot_lab/build/robot_lab
[0.889s] Level 1:colcon.colcon_core.environment:checking '/home/urtech/robot_lab/src/robot_lab/install/robot_lab' for CMake module files
[0.890s] Level 1:colcon.colcon_core.environment:checking '/home/urtech/robot_lab/src/robot_lab/install/robot_lab' for CMake config files
[0.891s] Level 1:colcon.colcon_core.shell:create_environment_hook('robot_lab', 'cmake_prefix_path')
[0.891s] INFO:colcon.colcon_core.shell:Creating environment hook '/home/urtech/robot_lab/src/robot_lab/install/robot_lab/share/robot_lab/hook/cmake_prefix_path.ps1'
[0.892s] INFO:colcon.colcon_core.shell:Creating environment descriptor '/home/urtech/robot_lab/src/robot_lab/install/robot_lab/share/robot_lab/hook/cmake_prefix_path.dsv'
[0.893s] INFO:colcon.colcon_core.shell:Creating environment hook '/home/urtech/robot_lab/src/robot_lab/install/robot_lab/share/robot_lab/hook/cmake_prefix_path.sh'
[0.894s] Level 1:colcon.colcon_core.environment:checking '/home/urtech/robot_lab/src/robot_lab/install/robot_lab/bin'
[0.894s] Level 1:colcon.colcon_core.environment:checking '/home/urtech/robot_lab/src/robot_lab/install/robot_lab/lib/pkgconfig/robot_lab.pc'
[0.894s] Level 1:colcon.colcon_core.environment:checking '/home/urtech/robot_lab/src/robot_lab/install/robot_lab/lib/python3.10/site-packages'
[0.894s] Level 1:colcon.colcon_core.environment:checking '/home/urtech/robot_lab/src/robot_lab/install/robot_lab/bin'
[0.895s] INFO:colcon.colcon_core.shell:Creating package script '/home/urtech/robot_lab/src/robot_lab/install/robot_lab/share/robot_lab/package.ps1'
[0.897s] INFO:colcon.colcon_core.shell:Creating package descriptor '/home/urtech/robot_lab/src/robot_lab/install/robot_lab/share/robot_lab/package.dsv'
[0.898s] INFO:colcon.colcon_core.shell:Creating package script '/home/urtech/robot_lab/src/robot_lab/install/robot_lab/share/robot_lab/package.sh'
[0.899s] INFO:colcon.colcon_core.shell:Creating package script '/home/urtech/robot_lab/src/robot_lab/install/robot_lab/share/robot_lab/package.bash'
[0.901s] INFO:colcon.colcon_core.shell:Creating package script '/home/urtech/robot_lab/src/robot_lab/install/robot_lab/share/robot_lab/package.zsh'
[0.903s] Level 1:colcon.colcon_core.environment:create_file_with_runtime_dependencies(/home/urtech/robot_lab/src/robot_lab/install/robot_lab/share/colcon-core/packages/robot_lab)
[0.953s] Level 1:colcon.colcon_core.environment:create_environment_scripts_only(robot_lab)
[0.953s] Level 1:colcon.colcon_core.environment:checking '/home/urtech/robot_lab/src/robot_lab/install/robot_lab' for CMake module files
[0.954s] Level 1:colcon.colcon_core.environment:checking '/home/urtech/robot_lab/src/robot_lab/install/robot_lab' for CMake config files
[0.954s] Level 1:colcon.colcon_core.shell:create_environment_hook('robot_lab', 'cmake_prefix_path')
[0.954s] INFO:colcon.colcon_core.shell:Creating environment hook '/home/urtech/robot_lab/src/robot_lab/install/robot_lab/share/robot_lab/hook/cmake_prefix_path.ps1'
[0.955s] INFO:colcon.colcon_core.shell:Creating environment descriptor '/home/urtech/robot_lab/src/robot_lab/install/robot_lab/share/robot_lab/hook/cmake_prefix_path.dsv'
[0.955s] INFO:colcon.colcon_core.shell:Creating environment hook '/home/urtech/robot_lab/src/robot_lab/install/robot_lab/share/robot_lab/hook/cmake_prefix_path.sh'
[0.956s] Level 1:colcon.colcon_core.environment:checking '/home/urtech/robot_lab/src/robot_lab/install/robot_lab/bin'
[0.956s] Level 1:colcon.colcon_core.environment:checking '/home/urtech/robot_lab/src/robot_lab/install/robot_lab/lib/pkgconfig/robot_lab.pc'
[0.957s] Level 1:colcon.colcon_core.environment:checking '/home/urtech/robot_lab/src/robot_lab/install/robot_lab/lib/python3.10/site-packages'
[0.957s] Level 1:colcon.colcon_core.environment:checking '/home/urtech/robot_lab/src/robot_lab/install/robot_lab/bin'
[0.957s] INFO:colcon.colcon_core.shell:Creating package script '/home/urtech/robot_lab/src/robot_lab/install/robot_lab/share/robot_lab/package.ps1'
[0.958s] INFO:colcon.colcon_core.shell:Creating package descriptor '/home/urtech/robot_lab/src/robot_lab/install/robot_lab/share/robot_lab/package.dsv'
[0.958s] INFO:colcon.colcon_core.shell:Creating package script '/home/urtech/robot_lab/src/robot_lab/install/robot_lab/share/robot_lab/package.sh'
[0.959s] INFO:colcon.colcon_core.shell:Creating package script '/home/urtech/robot_lab/src/robot_lab/install/robot_lab/share/robot_lab/package.bash'
[0.960s] INFO:colcon.colcon_core.shell:Creating package script '/home/urtech/robot_lab/src/robot_lab/install/robot_lab/share/robot_lab/package.zsh'
[0.961s] Level 1:colcon.colcon_core.environment:create_file_with_runtime_dependencies(/home/urtech/robot_lab/src/robot_lab/install/robot_lab/share/colcon-core/packages/robot_lab)
[0.961s] DEBUG:colcon.colcon_parallel_executor.executor.parallel:closing loop
[0.962s] DEBUG:colcon.colcon_parallel_executor.executor.parallel:loop closed
[0.962s] DEBUG:colcon.colcon_parallel_executor.executor.parallel:run_until_complete finished with '0'
[0.962s] DEBUG:colcon.colcon_core.event_reactor:joining thread
[0.976s] INFO:colcon.colcon_core.plugin_system:Skipping extension 'colcon_notification.desktop_notification.terminal_notifier': Not used on non-Darwin systems
[0.976s] INFO:colcon.colcon_core.plugin_system:Skipping extension 'colcon_notification.desktop_notification.win32': Not used on non-Windows systems
[0.976s] INFO:colcon.colcon_notification.desktop_notification:Sending desktop notification using 'notify2'
[0.999s] DEBUG:colcon.colcon_core.event_reactor:joined thread
[1.000s] INFO:colcon.colcon_core.shell:Creating prefix script '/home/urtech/robot_lab/src/robot_lab/install/local_setup.ps1'
[1.002s] INFO:colcon.colcon_core.shell:Creating prefix util module '/home/urtech/robot_lab/src/robot_lab/install/_local_setup_util_ps1.py'
[1.004s] INFO:colcon.colcon_core.shell:Creating prefix chain script '/home/urtech/robot_lab/src/robot_lab/install/setup.ps1'
[1.006s] INFO:colcon.colcon_core.shell:Creating prefix script '/home/urtech/robot_lab/src/robot_lab/install/local_setup.sh'
[1.007s] INFO:colcon.colcon_core.shell:Creating prefix util module '/home/urtech/robot_lab/src/robot_lab/install/_local_setup_util_sh.py'
[1.009s] INFO:colcon.colcon_core.shell:Creating prefix chain script '/home/urtech/robot_lab/src/robot_lab/install/setup.sh'
[1.011s] INFO:colcon.colcon_core.shell:Creating prefix script '/home/urtech/robot_lab/src/robot_lab/install/local_setup.bash'
[1.012s] INFO:colcon.colcon_core.shell:Creating prefix chain script '/home/urtech/robot_lab/src/robot_lab/install/setup.bash'
[1.014s] INFO:colcon.colcon_core.shell:Creating prefix script '/home/urtech/robot_lab/src/robot_lab/install/local_setup.zsh'
[1.015s] INFO:colcon.colcon_core.shell:Creating prefix chain script '/home/urtech/robot_lab/src/robot_lab/install/setup.zsh'
