[0.053s] Invoking command in '/home/urtech/robot_lab/src/robot_lab/build/robot_lab': CMAKE_PREFIX_PATH=${CMAKE_PREFIX_PATH}:/opt/ros/humble /usr/bin/cmake /home/urtech/robot_lab/src/robot_lab -DAMENT_CMAKE_SYMLINK_INSTALL=1 -DCMAKE_INSTALL_PREFIX=/home/urtech/robot_lab/src/robot_lab/install/robot_lab
[0.557s] -- The C compiler identification is GNU 11.4.0
[0.825s] -- The CXX compiler identification is GNU 11.4.0
[0.857s] -- Detecting C compiler ABI info
[1.024s] -- Detecting C compiler ABI info - done
[1.032s] -- Check for working C compiler: /usr/bin/cc - skipped
[1.033s] -- Detecting C compile features
[1.036s] -- Detecting C compile features - done
[1.045s] -- Detecting CXX compiler ABI info
[1.208s] -- Detecting CXX compiler ABI info - done
[1.216s] -- Check for working CXX compiler: /usr/bin/c++ - skipped
[1.216s] -- Detecting CXX compile features
[1.217s] -- Detecting CXX compile features - done
[1.264s] -- Found ament_cmake: 1.3.9 (/opt/ros/humble/share/ament_cmake/cmake)
[1.559s] -- Found Python3: /usr/bin/python3 (found version "3.10.12") found components: Interpreter 
[1.695s] -- Override CMake install command with custom implementation using symlinks instead of copying resources
[1.801s] -- Found ament_lint_auto: 0.12.11 (/opt/ros/humble/share/ament_lint_auto/cmake)
[1.973s] -- Added test 'copyright' to check source files copyright and LICENSE
[2.021s] -- Added test 'cppcheck' to perform static code analysis on C / C++ code
[2.022s] -- Configured cppcheck include dirs: 
[2.022s] -- Configured cppcheck exclude dirs and/or files: 
[2.066s] -- Added test 'cpplint' to check C / C++ code against the Google style
[2.067s] -- Configured cpplint exclude dirs and/or files: 
[2.072s] -- Added test 'flake8' to check Python code syntax and style conventions
[2.081s] -- Added test 'lint_cmake' to check CMake code style
[2.086s] -- Added test 'pep257' to check Python code against some of the docstring style conventions in PEP 257
[2.107s] -- Added test 'uncrustify' to check C / C++ code style
[2.107s] -- Configured uncrustify additional arguments: 
[2.111s] -- Added test 'xmllint' to check XML markup files
[2.118s] -- Configuring done
[2.125s] -- Generating done
[2.129s] -- Build files have been written to: /home/urtech/robot_lab/src/robot_lab/build/robot_lab
[2.140s] Invoked command in '/home/urtech/robot_lab/src/robot_lab/build/robot_lab' returned '0': CMAKE_PREFIX_PATH=${CMAKE_PREFIX_PATH}:/opt/ros/humble /usr/bin/cmake /home/urtech/robot_lab/src/robot_lab -DAMENT_CMAKE_SYMLINK_INSTALL=1 -DCMAKE_INSTALL_PREFIX=/home/urtech/robot_lab/src/robot_lab/install/robot_lab
[2.140s] Invoking command in '/home/urtech/robot_lab/src/robot_lab/build/robot_lab': CMAKE_PREFIX_PATH=${CMAKE_PREFIX_PATH}:/opt/ros/humble /usr/bin/cmake --build /home/urtech/robot_lab/src/robot_lab/build/robot_lab -- -j3 -l3
[2.214s] Invoked command in '/home/urtech/robot_lab/src/robot_lab/build/robot_lab' returned '0': CMAKE_PREFIX_PATH=${CMAKE_PREFIX_PATH}:/opt/ros/humble /usr/bin/cmake --build /home/urtech/robot_lab/src/robot_lab/build/robot_lab -- -j3 -l3
[2.287s] Invoking command in '/home/urtech/robot_lab/src/robot_lab/build/robot_lab': CMAKE_PREFIX_PATH=${CMAKE_PREFIX_PATH}:/opt/ros/humble /usr/bin/cmake --install /home/urtech/robot_lab/src/robot_lab/build/robot_lab
[2.299s] -- Install configuration: ""
[2.299s] -- Execute custom install script
[2.300s] -- Symlinking: /home/urtech/robot_lab/src/robot_lab/install/robot_lab/share/robot_lab/config/empty.yaml
[2.315s] -- Symlinking: /home/urtech/robot_lab/src/robot_lab/install/robot_lab/share/robot_lab/config/view_bot.rviz
[2.330s] -- Symlinking: /home/urtech/robot_lab/src/robot_lab/install/robot_lab/share/robot_lab/description/inertial_macros.xacro
[2.350s] -- Symlinking: /home/urtech/robot_lab/src/robot_lab/install/robot_lab/share/robot_lab/description/robot.urdf.xacro
[2.373s] -- Symlinking: /home/urtech/robot_lab/src/robot_lab/install/robot_lab/share/robot_lab/description/robot_core.xacro
[2.392s] -- Symlinking: /home/urtech/robot_lab/src/robot_lab/install/robot_lab/share/robot_lab/launch/launch_sim.launch.py
[2.408s] -- Symlinking: /home/urtech/robot_lab/src/robot_lab/install/robot_lab/share/robot_lab/launch/rsp.launch.py
[2.427s] -- Symlinking: /home/urtech/robot_lab/src/robot_lab/install/robot_lab/share/robot_lab/worlds/empty.world
[2.450s] -- Symlinking: /home/urtech/robot_lab/src/robot_lab/install/robot_lab/share/ament_index/resource_index/package_run_dependencies/robot_lab
[2.474s] -- Symlinking: /home/urtech/robot_lab/src/robot_lab/install/robot_lab/share/ament_index/resource_index/parent_prefix_path/robot_lab
[2.496s] -- Symlinking: /home/urtech/robot_lab/src/robot_lab/install/robot_lab/share/robot_lab/environment/ament_prefix_path.sh
[2.517s] -- Symlinking: /home/urtech/robot_lab/src/robot_lab/install/robot_lab/share/robot_lab/environment/ament_prefix_path.dsv
[2.533s] -- Symlinking: /home/urtech/robot_lab/src/robot_lab/install/robot_lab/share/robot_lab/environment/path.sh
[2.553s] -- Symlinking: /home/urtech/robot_lab/src/robot_lab/install/robot_lab/share/robot_lab/environment/path.dsv
[2.578s] -- Symlinking: /home/urtech/robot_lab/src/robot_lab/install/robot_lab/share/robot_lab/local_setup.bash
[2.599s] -- Symlinking: /home/urtech/robot_lab/src/robot_lab/install/robot_lab/share/robot_lab/local_setup.sh
[2.618s] -- Symlinking: /home/urtech/robot_lab/src/robot_lab/install/robot_lab/share/robot_lab/local_setup.zsh
[2.636s] -- Symlinking: /home/urtech/robot_lab/src/robot_lab/install/robot_lab/share/robot_lab/local_setup.dsv
[2.656s] -- Symlinking: /home/urtech/robot_lab/src/robot_lab/install/robot_lab/share/robot_lab/package.dsv
[2.675s] -- Symlinking: /home/urtech/robot_lab/src/robot_lab/install/robot_lab/share/ament_index/resource_index/packages/robot_lab
[2.694s] -- Symlinking: /home/urtech/robot_lab/src/robot_lab/install/robot_lab/share/robot_lab/cmake/robot_labConfig.cmake
[2.713s] -- Symlinking: /home/urtech/robot_lab/src/robot_lab/install/robot_lab/share/robot_lab/cmake/robot_labConfig-version.cmake
[2.735s] -- Symlinking: /home/urtech/robot_lab/src/robot_lab/install/robot_lab/share/robot_lab/package.xml
[2.762s] Invoked command in '/home/urtech/robot_lab/src/robot_lab/build/robot_lab' returned '0': CMAKE_PREFIX_PATH=${CMAKE_PREFIX_PATH}:/opt/ros/humble /usr/bin/cmake --install /home/urtech/robot_lab/src/robot_lab/build/robot_lab
