[0.400s] DEBUG:colcon:Command line arguments: ['/usr/bin/colcon', 'build', '--symlink-install', '--event-handlers', 'console_cohesion+']
[0.400s] DEBUG:colcon:Parsed command line arguments: Namespace(log_base=None, log_level=None, verb_name='build', build_base='build', install_base='install', merge_install=False, symlink_install=True, test_result_base=None, continue_on_error=False, executor='parallel', parallel_workers=3, event_handlers=['console_cohesion+'], ignore_user_meta=False, metas=['./colcon.meta'], base_paths=['.'], packages_ignore=None, packages_ignore_regex=None, paths=None, packages_up_to=None, packages_up_to_regex=None, packages_above=None, packages_above_and_dependencies=None, packages_above_depth=None, packages_select_by_dep=None, packages_skip_by_dep=None, packages_skip_up_to=None, packages_select_build_failed=False, packages_skip_build_finished=False, packages_select_test_failures=False, packages_skip_test_passed=False, packages_select=None, packages_skip=None, packages_select_regex=None, packages_skip_regex=None, packages_start=None, packages_end=None, allow_overriding=[], cmake_args=None, cmake_target=None, cmake_target_skip_unavailable=False, cmake_clean_cache=False, cmake_clean_first=False, cmake_force_configure=False, ament_cmake_args=None, catkin_cmake_args=None, catkin_skip_building_tests=False, verb_parser=<colcon_defaults.argument_parser.defaults.DefaultArgumentsDecorator object at 0x7e5ee6b0ce50>, verb_extension=<colcon_core.verb.build.BuildVerb object at 0x7e5ee6c11a80>, main=<bound method BuildVerb.main of <colcon_core.verb.build.BuildVerb object at 0x7e5ee6c11a80>>)
[1.048s] Level 1:colcon.colcon_core.package_discovery:discover_packages(colcon_meta) check parameters
[1.049s] Level 1:colcon.colcon_core.package_discovery:discover_packages(recursive) check parameters
[1.049s] Level 1:colcon.colcon_core.package_discovery:discover_packages(ignore) check parameters
[1.049s] Level 1:colcon.colcon_core.package_discovery:discover_packages(path) check parameters
[1.049s] Level 1:colcon.colcon_core.package_discovery:discover_packages(colcon_meta) discover
[1.049s] Level 1:colcon.colcon_core.package_discovery:discover_packages(recursive) discover
[1.049s] INFO:colcon.colcon_core.package_discovery:Crawling recursively for packages in '/home/urtech/robot_lab/src/robot_lab'
[1.049s] Level 1:colcon.colcon_core.package_identification:_identify(.) by extensions ['ignore', 'ignore_ament_install']
[1.050s] Level 1:colcon.colcon_core.package_identification:_identify(.) by extension 'ignore'
[1.050s] Level 1:colcon.colcon_core.package_identification:_identify(.) by extension 'ignore_ament_install'
[1.050s] Level 1:colcon.colcon_core.package_identification:_identify(.) by extensions ['colcon_pkg']
[1.050s] Level 1:colcon.colcon_core.package_identification:_identify(.) by extension 'colcon_pkg'
[1.050s] Level 1:colcon.colcon_core.package_identification:_identify(.) by extensions ['colcon_meta']
[1.050s] Level 1:colcon.colcon_core.package_identification:_identify(.) by extension 'colcon_meta'
[1.050s] Level 1:colcon.colcon_core.package_identification:_identify(.) by extensions ['ros']
[1.050s] Level 1:colcon.colcon_core.package_identification:_identify(.) by extension 'ros'
[1.079s] DEBUG:colcon.colcon_core.package_identification:Package '.' with type 'ros.ament_cmake' and name 'robot_lab'
[1.079s] Level 1:colcon.colcon_core.package_discovery:discover_packages(recursive) using defaults
[1.079s] Level 1:colcon.colcon_core.package_discovery:discover_packages(ignore) discover
[1.079s] Level 1:colcon.colcon_core.package_discovery:discover_packages(ignore) using defaults
[1.079s] Level 1:colcon.colcon_core.package_discovery:discover_packages(path) discover
[1.079s] Level 1:colcon.colcon_core.package_discovery:discover_packages(path) using defaults
[1.139s] Level 1:colcon.colcon_core.package_discovery:discover_packages(prefix_path) check parameters
[1.139s] Level 1:colcon.colcon_core.package_discovery:discover_packages(prefix_path) discover
[1.153s] DEBUG:colcon.colcon_installed_package_information.package_discovery:Found 1 installed packages in /home/urtech/robot_lab/install
[1.156s] DEBUG:colcon.colcon_installed_package_information.package_discovery:Found 280 installed packages in /opt/ros/humble
[1.157s] Level 1:colcon.colcon_core.package_discovery:discover_packages(prefix_path) using defaults
[1.374s] Level 5:colcon.colcon_core.verb:set package 'robot_lab' build argument 'cmake_args' from command line to 'None'
[1.374s] Level 5:colcon.colcon_core.verb:set package 'robot_lab' build argument 'cmake_target' from command line to 'None'
[1.374s] Level 5:colcon.colcon_core.verb:set package 'robot_lab' build argument 'cmake_target_skip_unavailable' from command line to 'False'
[1.374s] Level 5:colcon.colcon_core.verb:set package 'robot_lab' build argument 'cmake_clean_cache' from command line to 'False'
[1.374s] Level 5:colcon.colcon_core.verb:set package 'robot_lab' build argument 'cmake_clean_first' from command line to 'False'
[1.374s] Level 5:colcon.colcon_core.verb:set package 'robot_lab' build argument 'cmake_force_configure' from command line to 'False'
[1.374s] Level 5:colcon.colcon_core.verb:set package 'robot_lab' build argument 'ament_cmake_args' from command line to 'None'
[1.374s] Level 5:colcon.colcon_core.verb:set package 'robot_lab' build argument 'catkin_cmake_args' from command line to 'None'
[1.374s] Level 5:colcon.colcon_core.verb:set package 'robot_lab' build argument 'catkin_skip_building_tests' from command line to 'False'
[1.374s] DEBUG:colcon.colcon_core.verb:Building package 'robot_lab' with the following arguments: {'ament_cmake_args': None, 'build_base': '/home/urtech/robot_lab/src/robot_lab/build/robot_lab', 'catkin_cmake_args': None, 'catkin_skip_building_tests': False, 'cmake_args': None, 'cmake_clean_cache': False, 'cmake_clean_first': False, 'cmake_force_configure': False, 'cmake_target': None, 'cmake_target_skip_unavailable': False, 'install_base': '/home/urtech/robot_lab/src/robot_lab/install/robot_lab', 'merge_install': False, 'path': '/home/urtech/robot_lab/src/robot_lab', 'symlink_install': True, 'test_result_base': None}
[1.374s] INFO:colcon.colcon_core.executor:Executing jobs using 'parallel' executor
[1.377s] DEBUG:colcon.colcon_parallel_executor.executor.parallel:run_until_complete
[1.378s] INFO:colcon.colcon_ros.task.ament_cmake.build:Building ROS package in '/home/urtech/robot_lab/src/robot_lab' with build type 'ament_cmake'
[1.379s] INFO:colcon.colcon_cmake.task.cmake.build:Building CMake package in '/home/urtech/robot_lab/src/robot_lab'
[1.394s] INFO:colcon.colcon_core.plugin_system:Skipping extension 'colcon_core.shell.bat': Not used on non-Windows systems
[1.394s] INFO:colcon.colcon_core.shell:Skip shell extension 'powershell' for command environment: Not usable outside of PowerShell
[1.394s] DEBUG:colcon.colcon_core.shell:Skip shell extension 'dsv' for command environment
[1.433s] DEBUG:colcon.colcon_core.event_handler.log_command:Invoking command in '/home/urtech/robot_lab/src/robot_lab/build/robot_lab': CMAKE_PREFIX_PATH=${CMAKE_PREFIX_PATH}:/opt/ros/humble /usr/bin/cmake /home/urtech/robot_lab/src/robot_lab -DAMENT_CMAKE_SYMLINK_INSTALL=1 -DCMAKE_INSTALL_PREFIX=/home/urtech/robot_lab/src/robot_lab/install/robot_lab
[3.520s] DEBUG:colcon.colcon_core.event_handler.log_command:Invoked command in '/home/urtech/robot_lab/src/robot_lab/build/robot_lab' returned '0': CMAKE_PREFIX_PATH=${CMAKE_PREFIX_PATH}:/opt/ros/humble /usr/bin/cmake /home/urtech/robot_lab/src/robot_lab -DAMENT_CMAKE_SYMLINK_INSTALL=1 -DCMAKE_INSTALL_PREFIX=/home/urtech/robot_lab/src/robot_lab/install/robot_lab
[3.520s] DEBUG:colcon.colcon_core.event_handler.log_command:Invoking command in '/home/urtech/robot_lab/src/robot_lab/build/robot_lab': CMAKE_PREFIX_PATH=${CMAKE_PREFIX_PATH}:/opt/ros/humble /usr/bin/cmake --build /home/urtech/robot_lab/src/robot_lab/build/robot_lab -- -j3 -l3
[3.594s] DEBUG:colcon.colcon_core.event_handler.log_command:Invoked command in '/home/urtech/robot_lab/src/robot_lab/build/robot_lab' returned '0': CMAKE_PREFIX_PATH=${CMAKE_PREFIX_PATH}:/opt/ros/humble /usr/bin/cmake --build /home/urtech/robot_lab/src/robot_lab/build/robot_lab -- -j3 -l3
[3.667s] DEBUG:colcon.colcon_core.event_handler.log_command:Invoking command in '/home/urtech/robot_lab/src/robot_lab/build/robot_lab': CMAKE_PREFIX_PATH=${CMAKE_PREFIX_PATH}:/opt/ros/humble /usr/bin/cmake --install /home/urtech/robot_lab/src/robot_lab/build/robot_lab
[4.141s] Level 1:colcon.colcon_core.environment:create_environment_scripts_only(robot_lab)
[4.142s] DEBUG:colcon.colcon_core.event_handler.log_command:Invoked command in '/home/urtech/robot_lab/src/robot_lab/build/robot_lab' returned '0': CMAKE_PREFIX_PATH=${CMAKE_PREFIX_PATH}:/opt/ros/humble /usr/bin/cmake --install /home/urtech/robot_lab/src/robot_lab/build/robot_lab
[4.167s] Level 1:colcon.colcon_core.environment:checking '/home/urtech/robot_lab/src/robot_lab/install/robot_lab' for CMake module files
[4.168s] Level 1:colcon.colcon_core.environment:checking '/home/urtech/robot_lab/src/robot_lab/install/robot_lab' for CMake config files
[4.168s] Level 1:colcon.colcon_core.shell:create_environment_hook('robot_lab', 'cmake_prefix_path')
[4.168s] INFO:colcon.colcon_core.shell:Creating environment hook '/home/urtech/robot_lab/src/robot_lab/install/robot_lab/share/robot_lab/hook/cmake_prefix_path.ps1'
[4.172s] INFO:colcon.colcon_core.shell:Creating environment descriptor '/home/urtech/robot_lab/src/robot_lab/install/robot_lab/share/robot_lab/hook/cmake_prefix_path.dsv'
[4.174s] INFO:colcon.colcon_core.shell:Creating environment hook '/home/urtech/robot_lab/src/robot_lab/install/robot_lab/share/robot_lab/hook/cmake_prefix_path.sh'
[4.177s] Level 1:colcon.colcon_core.environment:checking '/home/urtech/robot_lab/src/robot_lab/install/robot_lab/bin'
[4.177s] Level 1:colcon.colcon_core.environment:checking '/home/urtech/robot_lab/src/robot_lab/install/robot_lab/lib/pkgconfig/robot_lab.pc'
[4.178s] Level 1:colcon.colcon_core.environment:checking '/home/urtech/robot_lab/src/robot_lab/install/robot_lab/lib/python3.10/site-packages'
[4.178s] Level 1:colcon.colcon_core.environment:checking '/home/urtech/robot_lab/src/robot_lab/install/robot_lab/bin'
[4.178s] INFO:colcon.colcon_core.shell:Creating package script '/home/urtech/robot_lab/src/robot_lab/install/robot_lab/share/robot_lab/package.ps1'
[4.181s] INFO:colcon.colcon_core.shell:Creating package descriptor '/home/urtech/robot_lab/src/robot_lab/install/robot_lab/share/robot_lab/package.dsv'
[4.183s] INFO:colcon.colcon_core.shell:Creating package script '/home/urtech/robot_lab/src/robot_lab/install/robot_lab/share/robot_lab/package.sh'
[4.185s] INFO:colcon.colcon_core.shell:Creating package script '/home/urtech/robot_lab/src/robot_lab/install/robot_lab/share/robot_lab/package.bash'
[4.188s] INFO:colcon.colcon_core.shell:Creating package script '/home/urtech/robot_lab/src/robot_lab/install/robot_lab/share/robot_lab/package.zsh'
[4.191s] Level 1:colcon.colcon_core.environment:create_file_with_runtime_dependencies(/home/urtech/robot_lab/src/robot_lab/install/robot_lab/share/colcon-core/packages/robot_lab)
[4.248s] Level 1:colcon.colcon_core.environment:create_environment_scripts_only(robot_lab)
[4.249s] Level 1:colcon.colcon_core.environment:checking '/home/urtech/robot_lab/src/robot_lab/install/robot_lab' for CMake module files
[4.250s] Level 1:colcon.colcon_core.environment:checking '/home/urtech/robot_lab/src/robot_lab/install/robot_lab' for CMake config files
[4.250s] Level 1:colcon.colcon_core.shell:create_environment_hook('robot_lab', 'cmake_prefix_path')
[4.251s] INFO:colcon.colcon_core.shell:Creating environment hook '/home/urtech/robot_lab/src/robot_lab/install/robot_lab/share/robot_lab/hook/cmake_prefix_path.ps1'
[4.252s] INFO:colcon.colcon_core.shell:Creating environment descriptor '/home/urtech/robot_lab/src/robot_lab/install/robot_lab/share/robot_lab/hook/cmake_prefix_path.dsv'
[4.253s] INFO:colcon.colcon_core.shell:Creating environment hook '/home/urtech/robot_lab/src/robot_lab/install/robot_lab/share/robot_lab/hook/cmake_prefix_path.sh'
[4.254s] Level 1:colcon.colcon_core.environment:checking '/home/urtech/robot_lab/src/robot_lab/install/robot_lab/bin'
[4.254s] Level 1:colcon.colcon_core.environment:checking '/home/urtech/robot_lab/src/robot_lab/install/robot_lab/lib/pkgconfig/robot_lab.pc'
[4.255s] Level 1:colcon.colcon_core.environment:checking '/home/urtech/robot_lab/src/robot_lab/install/robot_lab/lib/python3.10/site-packages'
[4.255s] Level 1:colcon.colcon_core.environment:checking '/home/urtech/robot_lab/src/robot_lab/install/robot_lab/bin'
[4.255s] INFO:colcon.colcon_core.shell:Creating package script '/home/urtech/robot_lab/src/robot_lab/install/robot_lab/share/robot_lab/package.ps1'
[4.256s] INFO:colcon.colcon_core.shell:Creating package descriptor '/home/urtech/robot_lab/src/robot_lab/install/robot_lab/share/robot_lab/package.dsv'
[4.258s] INFO:colcon.colcon_core.shell:Creating package script '/home/urtech/robot_lab/src/robot_lab/install/robot_lab/share/robot_lab/package.sh'
[4.259s] INFO:colcon.colcon_core.shell:Creating package script '/home/urtech/robot_lab/src/robot_lab/install/robot_lab/share/robot_lab/package.bash'
[4.260s] INFO:colcon.colcon_core.shell:Creating package script '/home/urtech/robot_lab/src/robot_lab/install/robot_lab/share/robot_lab/package.zsh'
[4.261s] Level 1:colcon.colcon_core.environment:create_file_with_runtime_dependencies(/home/urtech/robot_lab/src/robot_lab/install/robot_lab/share/colcon-core/packages/robot_lab)
[4.262s] DEBUG:colcon.colcon_parallel_executor.executor.parallel:closing loop
[4.262s] DEBUG:colcon.colcon_parallel_executor.executor.parallel:loop closed
[4.263s] DEBUG:colcon.colcon_parallel_executor.executor.parallel:run_until_complete finished with '0'
[4.263s] DEBUG:colcon.colcon_core.event_reactor:joining thread
[4.304s] INFO:colcon.colcon_core.plugin_system:Skipping extension 'colcon_notification.desktop_notification.terminal_notifier': Not used on non-Darwin systems
[4.305s] INFO:colcon.colcon_core.plugin_system:Skipping extension 'colcon_notification.desktop_notification.win32': Not used on non-Windows systems
[4.305s] INFO:colcon.colcon_notification.desktop_notification:Sending desktop notification using 'notify2'
[4.467s] DEBUG:colcon.colcon_core.event_reactor:joined thread
[4.467s] INFO:colcon.colcon_core.shell:Creating prefix script '/home/urtech/robot_lab/src/robot_lab/install/local_setup.ps1'
[4.470s] INFO:colcon.colcon_core.shell:Creating prefix util module '/home/urtech/robot_lab/src/robot_lab/install/_local_setup_util_ps1.py'
[4.472s] INFO:colcon.colcon_core.shell:Creating prefix chain script '/home/urtech/robot_lab/src/robot_lab/install/setup.ps1'
[4.474s] INFO:colcon.colcon_core.shell:Creating prefix script '/home/urtech/robot_lab/src/robot_lab/install/local_setup.sh'
[4.476s] INFO:colcon.colcon_core.shell:Creating prefix util module '/home/urtech/robot_lab/src/robot_lab/install/_local_setup_util_sh.py'
[4.476s] INFO:colcon.colcon_core.shell:Creating prefix chain script '/home/urtech/robot_lab/src/robot_lab/install/setup.sh'
[4.479s] INFO:colcon.colcon_core.shell:Creating prefix script '/home/urtech/robot_lab/src/robot_lab/install/local_setup.bash'
[4.480s] INFO:colcon.colcon_core.shell:Creating prefix chain script '/home/urtech/robot_lab/src/robot_lab/install/setup.bash'
[4.482s] INFO:colcon.colcon_core.shell:Creating prefix script '/home/urtech/robot_lab/src/robot_lab/install/local_setup.zsh'
[4.484s] INFO:colcon.colcon_core.shell:Creating prefix chain script '/home/urtech/robot_lab/src/robot_lab/install/setup.zsh'
