[0.022s] Invoking command in '/home/urtech/robot_lab/src/robot_lab/build/robot_lab': CMAKE_PREFIX_PATH=${CMAKE_PREFIX_PATH}:/opt/ros/humble /usr/bin/cmake --build /home/urtech/robot_lab/src/robot_lab/build/robot_lab -- -j3 -l3
[0.096s] Invoked command in '/home/urtech/robot_lab/src/robot_lab/build/robot_lab' returned '0': CMAKE_PREFIX_PATH=${CMAKE_PREFIX_PATH}:/opt/ros/humble /usr/bin/cmake --build /home/urtech/robot_lab/src/robot_lab/build/robot_lab -- -j3 -l3
[0.172s] Invoking command in '/home/urtech/robot_lab/src/robot_lab/build/robot_lab': CMAKE_PREFIX_PATH=${CMAKE_PREFIX_PATH}:/opt/ros/humble /usr/bin/cmake --install /home/urtech/robot_lab/src/robot_lab/build/robot_lab
[0.182s] -- Install configuration: ""
[0.183s] -- Execute custom install script
[0.184s] -- Up-to-date symlink: /home/urtech/robot_lab/src/robot_lab/install/robot_lab/share/robot_lab/config/empty.yaml
[0.184s] -- Up-to-date symlink: /home/urtech/robot_lab/src/robot_lab/install/robot_lab/share/robot_lab/config/view_bot.rviz
[0.185s] -- Up-to-date symlink: /home/urtech/robot_lab/src/robot_lab/install/robot_lab/share/robot_lab/description/inertial_macros.xacro
[0.185s] -- Up-to-date symlink: /home/urtech/robot_lab/src/robot_lab/install/robot_lab/share/robot_lab/description/robot.urdf.xacro
[0.186s] -- Up-to-date symlink: /home/urtech/robot_lab/src/robot_lab/install/robot_lab/share/robot_lab/description/robot_core.xacro
[0.186s] -- Up-to-date symlink: /home/urtech/robot_lab/src/robot_lab/install/robot_lab/share/robot_lab/launch/launch_sim.launch.py
[0.186s] -- Up-to-date symlink: /home/urtech/robot_lab/src/robot_lab/install/robot_lab/share/robot_lab/launch/rsp.launch.py
[0.187s] -- Up-to-date symlink: /home/urtech/robot_lab/src/robot_lab/install/robot_lab/share/robot_lab/worlds/empty.world
[0.187s] -- Up-to-date symlink: /home/urtech/robot_lab/src/robot_lab/install/robot_lab/share/ament_index/resource_index/package_run_dependencies/robot_lab
[0.187s] -- Up-to-date symlink: /home/urtech/robot_lab/src/robot_lab/install/robot_lab/share/ament_index/resource_index/parent_prefix_path/robot_lab
[0.187s] -- Up-to-date symlink: /home/urtech/robot_lab/src/robot_lab/install/robot_lab/share/robot_lab/environment/ament_prefix_path.sh
[0.187s] -- Up-to-date symlink: /home/urtech/robot_lab/src/robot_lab/install/robot_lab/share/robot_lab/environment/ament_prefix_path.dsv
[0.188s] -- Up-to-date symlink: /home/urtech/robot_lab/src/robot_lab/install/robot_lab/share/robot_lab/environment/path.sh
[0.188s] -- Up-to-date symlink: /home/urtech/robot_lab/src/robot_lab/install/robot_lab/share/robot_lab/environment/path.dsv
[0.188s] -- Up-to-date symlink: /home/urtech/robot_lab/src/robot_lab/install/robot_lab/share/robot_lab/local_setup.bash
[0.188s] -- Up-to-date symlink: /home/urtech/robot_lab/src/robot_lab/install/robot_lab/share/robot_lab/local_setup.sh
[0.188s] -- Up-to-date symlink: /home/urtech/robot_lab/src/robot_lab/install/robot_lab/share/robot_lab/local_setup.zsh
[0.188s] -- Up-to-date symlink: /home/urtech/robot_lab/src/robot_lab/install/robot_lab/share/robot_lab/local_setup.dsv
[0.188s] -- Symlinking: /home/urtech/robot_lab/src/robot_lab/install/robot_lab/share/robot_lab/package.dsv
[0.206s] -- Up-to-date symlink: /home/urtech/robot_lab/src/robot_lab/install/robot_lab/share/ament_index/resource_index/packages/robot_lab
[0.206s] -- Up-to-date symlink: /home/urtech/robot_lab/src/robot_lab/install/robot_lab/share/robot_lab/cmake/robot_labConfig.cmake
[0.206s] -- Up-to-date symlink: /home/urtech/robot_lab/src/robot_lab/install/robot_lab/share/robot_lab/cmake/robot_labConfig-version.cmake
[0.207s] -- Up-to-date symlink: /home/urtech/robot_lab/src/robot_lab/install/robot_lab/share/robot_lab/package.xml
[0.211s] Invoked command in '/home/urtech/robot_lab/src/robot_lab/build/robot_lab' returned '0': CMAKE_PREFIX_PATH=${CMAKE_PREFIX_PATH}:/opt/ros/humble /usr/bin/cmake --install /home/urtech/robot_lab/src/robot_lab/build/robot_lab
